Determining if the pthread_create exist failed with the following output:
Change Dir: /home/eduardo/catkin_ws/build/CMakeFiles/CMakeTmp

Run Build Command:/usr/bin/make "cmTryCompileExec739268787/fast"
/usr/bin/make -f CMakeFiles/cmTryCompileExec739268787.dir/build.make CMakeFiles/cmTryCompileExec739268787.dir/build
make[1]: Entering directory `/home/eduardo/catkin_ws/build/CMakeFiles/CMakeTmp'
/usr/bin/cmake -E cmake_progress_report /home/eduardo/catkin_ws/build/CMakeFiles/CMakeTmp/CMakeFiles 1
Building C object CMakeFiles/cmTryCompileExec739268787.dir/CheckSymbolExists.c.o
/usr/bin/cc    -o CMakeFiles/cmTryCompileExec739268787.dir/CheckSymbolExists.c.o   -c /home/eduardo/catkin_ws/build/CMakeFiles/CMakeTmp/CheckSymbolExists.c
Linking C executable cmTryCompileExec739268787
/usr/bin/cmake -E cmake_link_script CMakeFiles/cmTryCompileExec739268787.dir/link.txt --verbose=1
/usr/bin/cc       CMakeFiles/cmTryCompileExec739268787.dir/CheckSymbolExists.c.o  -o cmTryCompileExec739268787 -rdynamic 
CMakeFiles/cmTryCompileExec739268787.dir/CheckSymbolExists.c.o: In function `main':
CheckSymbolExists.c:(.text+0x16): undefined reference to `pthread_create'
collect2: error: ld returned 1 exit status
make[1]: *** [cmTryCompileExec739268787] Error 1
make[1]: Leaving directory `/home/eduardo/catkin_ws/build/CMakeFiles/CMakeTmp'
make: *** [cmTryCompileExec739268787/fast] Error 2

File /home/eduardo/catkin_ws/build/CMakeFiles/CMakeTmp/CheckSymbolExists.c:
/* */
#include <pthread.h>

int main(int argc, char** argv)
{
  (void)argv;
#ifndef pthread_create
  return ((int*)(&pthread_create))[argc];
#else
  (void)argc;
  return 0;
#endif
}

Determining if the function pthread_create exists in the pthreads failed with the following output:
Change Dir: /home/eduardo/catkin_ws/build/CMakeFiles/CMakeTmp

Run Build Command:/usr/bin/make "cmTryCompileExec829578013/fast"
/usr/bin/make -f CMakeFiles/cmTryCompileExec829578013.dir/build.make CMakeFiles/cmTryCompileExec829578013.dir/build
make[1]: Entering directory `/home/eduardo/catkin_ws/build/CMakeFiles/CMakeTmp'
/usr/bin/cmake -E cmake_progress_report /home/eduardo/catkin_ws/build/CMakeFiles/CMakeTmp/CMakeFiles 1
Building C object CMakeFiles/cmTryCompileExec829578013.dir/CheckFunctionExists.c.o
/usr/bin/cc   -DCHECK_FUNCTION_EXISTS=pthread_create   -o CMakeFiles/cmTryCompileExec829578013.dir/CheckFunctionExists.c.o   -c /usr/share/cmake-2.8/Modules/CheckFunctionExists.c
Linking C executable cmTryCompileExec829578013
/usr/bin/cmake -E cmake_link_script CMakeFiles/cmTryCompileExec829578013.dir/link.txt --verbose=1
/usr/bin/cc   -DCHECK_FUNCTION_EXISTS=pthread_create    CMakeFiles/cmTryCompileExec829578013.dir/CheckFunctionExists.c.o  -o cmTryCompileExec829578013 -rdynamic -lpthreads 
/usr/bin/ld: cannot find -lpthreads
collect2: error: ld returned 1 exit status
make[1]: Leaving directory `/home/eduardo/catkin_ws/build/CMakeFiles/CMakeTmp'
make[1]: *** [cmTryCompileExec829578013] Error 1
make: *** [cmTryCompileExec829578013/fast] Error 2


