Determining if the pthread_create exist failed with the following output:
Change Dir: /home/eduardo/Documents/TG_OFFICIAL/catkin/build/CMakeFiles/CMakeTmp

Run Build Command:/usr/bin/make "cmTryCompileExec670718718/fast"
/usr/bin/make -f CMakeFiles/cmTryCompileExec670718718.dir/build.make CMakeFiles/cmTryCompileExec670718718.dir/build
make[1]: Entering directory `/home/eduardo/Documents/TG_OFFICIAL/catkin/build/CMakeFiles/CMakeTmp'
/usr/bin/cmake -E cmake_progress_report /home/eduardo/Documents/TG_OFFICIAL/catkin/build/CMakeFiles/CMakeTmp/CMakeFiles 1
Building C object CMakeFiles/cmTryCompileExec670718718.dir/CheckSymbolExists.c.o
/usr/bin/cc    -o CMakeFiles/cmTryCompileExec670718718.dir/CheckSymbolExists.c.o   -c /home/eduardo/Documents/TG_OFFICIAL/catkin/build/CMakeFiles/CMakeTmp/CheckSymbolExists.c
Linking C executable cmTryCompileExec670718718
/usr/bin/cmake -E cmake_link_script CMakeFiles/cmTryCompileExec670718718.dir/link.txt --verbose=1
/usr/bin/cc       CMakeFiles/cmTryCompileExec670718718.dir/CheckSymbolExists.c.o  -o cmTryCompileExec670718718 -rdynamic 
CMakeFiles/cmTryCompileExec670718718.dir/CheckSymbolExists.c.o: In function `main':
CheckSymbolExists.c:(.text+0x16): undefined reference to `pthread_create'
collect2: error: ld returned 1 exit status
make[1]: *** [cmTryCompileExec670718718] Error 1
make[1]: Leaving directory `/home/eduardo/Documents/TG_OFFICIAL/catkin/build/CMakeFiles/CMakeTmp'
make: *** [cmTryCompileExec670718718/fast] Error 2

File /home/eduardo/Documents/TG_OFFICIAL/catkin/build/CMakeFiles/CMakeTmp/CheckSymbolExists.c:
/* */
#include <pthread.h>

int main(int argc, char** argv)
{
  (void)argv;
#ifndef pthread_create
  return ((int*)(&pthread_create))[argc];
#else
  (void)argc;
  return 0;
#endif
}

Determining if the function pthread_create exists in the pthreads failed with the following output:
Change Dir: /home/eduardo/Documents/TG_OFFICIAL/catkin/build/CMakeFiles/CMakeTmp

Run Build Command:/usr/bin/make "cmTryCompileExec1863159598/fast"
/usr/bin/make -f CMakeFiles/cmTryCompileExec1863159598.dir/build.make CMakeFiles/cmTryCompileExec1863159598.dir/build
make[1]: Entering directory `/home/eduardo/Documents/TG_OFFICIAL/catkin/build/CMakeFiles/CMakeTmp'
/usr/bin/cmake -E cmake_progress_report /home/eduardo/Documents/TG_OFFICIAL/catkin/build/CMakeFiles/CMakeTmp/CMakeFiles 1
Building C object CMakeFiles/cmTryCompileExec1863159598.dir/CheckFunctionExists.c.o
/usr/bin/cc   -DCHECK_FUNCTION_EXISTS=pthread_create   -o CMakeFiles/cmTryCompileExec1863159598.dir/CheckFunctionExists.c.o   -c /usr/share/cmake-2.8/Modules/CheckFunctionExists.c
Linking C executable cmTryCompileExec1863159598
/usr/bin/cmake -E cmake_link_script CMakeFiles/cmTryCompileExec1863159598.dir/link.txt --verbose=1
/usr/bin/cc   -DCHECK_FUNCTION_EXISTS=pthread_create    CMakeFiles/cmTryCompileExec1863159598.dir/CheckFunctionExists.c.o  -o cmTryCompileExec1863159598 -rdynamic -lpthreads 
/usr/bin/ld: cannot find -lpthreads
collect2: error: ld returned 1 exit status
make[1]: *** [cmTryCompileExec1863159598] Error 1
make[1]: Leaving directory `/home/eduardo/Documents/TG_OFFICIAL/catkin/build/CMakeFiles/CMakeTmp'
make: *** [cmTryCompileExec1863159598/fast] Error 2


